<?xml version="1.0" encoding="UTF-8"?>
<testsuite xmlns:xsi="http://www.w3.org/2001/XMLSchema-instance" xsi:noNamespaceSchemaLocation="https://maven.apache.org/surefire/maven-surefire-plugin/xsd/surefire-test-report.xsd" name="isel.sisinf.dal.lab.AppTest" time="0.756" tests="4" errors="0" skipped="0" failures="0">
  <properties>
[...]
</properties>
  <testcase name="CourseFindbyKey" classname="isel.sisinf.dal.lab.AppTest" time="0.7"/>
  <testcase name="StudentsFindbyKey" classname="isel.sisinf.dal.lab.AppTest" time="0.013"/>
  <testcase name="StudentRepoExists" classname="isel.sisinf.dal.lab.AppTest" time="0.004"/>
  <testcase name="CourseRepoExists" classname="isel.sisinf.dal.lab.AppTest" time="0.003"/>
</testsuite>